c:\users\nitin kumar\desktop\city\computer graphics\coursework - nitin kumar - code\source\template2024\opengltemplate\x64\release\vc143.pdb
c:\users\nitin kumar\desktop\city\computer graphics\coursework - nitin kumar - code\source\template2024\opengltemplate\x64\release\texture.obj
c:\users\nitin kumar\desktop\city\computer graphics\coursework - nitin kumar - code\source\template2024\opengltemplate\x64\release\sphere.obj
c:\users\nitin kumar\desktop\city\computer graphics\coursework - nitin kumar - code\source\template2024\opengltemplate\x64\release\snow.obj
c:\users\nitin kumar\desktop\city\computer graphics\coursework - nitin kumar - code\source\template2024\opengltemplate\x64\release\skybox.obj
c:\users\nitin kumar\desktop\city\computer graphics\coursework - nitin kumar - code\source\template2024\opengltemplate\x64\release\shaders.obj
c:\users\nitin kumar\desktop\city\computer graphics\coursework - nitin kumar - code\source\template2024\opengltemplate\x64\release\plane.obj
c:\users\nitin kumar\desktop\city\computer graphics\coursework - nitin kumar - code\source\template2024\opengltemplate\x64\release\openassetimportmesh.obj
c:\users\nitin kumar\desktop\city\computer graphics\coursework - nitin kumar - code\source\template2024\opengltemplate\x64\release\matrixstack.obj
c:\users\nitin kumar\desktop\city\computer graphics\coursework - nitin kumar - code\source\template2024\opengltemplate\x64\release\highresolutiontimer.obj
c:\users\nitin kumar\desktop\city\computer graphics\coursework - nitin kumar - code\source\template2024\opengltemplate\x64\release\heightmapterrain.obj
c:\users\nitin kumar\desktop\city\computer graphics\coursework - nitin kumar - code\source\template2024\opengltemplate\x64\release\gamewindow.obj
c:\users\nitin kumar\desktop\city\computer graphics\coursework - nitin kumar - code\source\template2024\opengltemplate\x64\release\game.obj
c:\users\nitin kumar\desktop\city\computer graphics\coursework - nitin kumar - code\source\template2024\opengltemplate\x64\release\freetypefont.obj
c:\users\nitin kumar\desktop\city\computer graphics\coursework - nitin kumar - code\source\template2024\opengltemplate\x64\release\framebufferobject.obj
c:\users\nitin kumar\desktop\city\computer graphics\coursework - nitin kumar - code\source\template2024\opengltemplate\x64\release\facevertexmesh.obj
c:\users\nitin kumar\desktop\city\computer graphics\coursework - nitin kumar - code\source\template2024\opengltemplate\x64\release\cubetree.obj
c:\users\nitin kumar\desktop\city\computer graphics\coursework - nitin kumar - code\source\template2024\opengltemplate\x64\release\cubemap.obj
c:\users\nitin kumar\desktop\city\computer graphics\coursework - nitin kumar - code\source\template2024\opengltemplate\x64\release\catmullrom.obj
c:\users\nitin kumar\desktop\city\computer graphics\coursework - nitin kumar - code\source\template2024\opengltemplate\x64\release\camera.obj
c:\users\nitin kumar\desktop\city\computer graphics\coursework - nitin kumar - code\source\template2024\opengltemplate\x64\release\audio.obj
c:\users\nitin kumar\desktop\city\computer graphics\coursework - nitin kumar - code\source\template2024\opengltemplate\x64\release\vertexbufferobjectindexed.obj
c:\users\nitin kumar\desktop\city\computer graphics\coursework - nitin kumar - code\source\template2024\opengltemplate\x64\release\vertexbufferobject.obj
c:\users\nitin kumar\desktop\city\computer graphics\coursework - nitin kumar - code\source\template2024\opengltemplate\x64\release\tree.obj
c:\users\nitin kumar\desktop\city\computer graphics\coursework - nitin kumar - demo code\source\template2024\x64\release\opengltemplate.lib
c:\users\nitin kumar\desktop\city\computer graphics\coursework - nitin kumar - demo code\source\template2024\x64\release\opengltemplate.exp
c:\users\nitin kumar\desktop\city\computer graphics\coursework - nitin kumar - code\source\template2024\x64\release\opengltemplate.lib
c:\users\nitin kumar\desktop\city\computer graphics\coursework - nitin kumar - code\source\template2024\x64\release\opengltemplate.exp
c:\users\nitin kumar\desktop\city\computer graphics\coursework - nitin kumar - code\source\template2024\x64\release\opengltemplate.exe
c:\users\nitin kumar\desktop\city\computer graphics\coursework - nitin kumar - code\source\template2024\opengltemplate\x64\release\opengltemplate.ipdb
c:\users\nitin kumar\desktop\city\computer graphics\coursework - nitin kumar - code\source\template2024\x64\release\opengltemplate.pdb
c:\users\nitin kumar\desktop\city\computer graphics\coursework - nitin kumar - code\source\template2024\opengltemplate\x64\release\opengltemplate.iobj
c:\users\nitin kumar\desktop\city\computer graphics\coursework - nitin kumar - code\source\template2024\opengltemplate\x64\release\opengltemplate.tlog\cl.command.1.tlog
c:\users\nitin kumar\desktop\city\computer graphics\coursework - nitin kumar - code\source\template2024\opengltemplate\x64\release\opengltemplate.tlog\cl.items.tlog
c:\users\nitin kumar\desktop\city\computer graphics\coursework - nitin kumar - code\source\template2024\opengltemplate\x64\release\opengltemplate.tlog\cl.read.1.tlog
c:\users\nitin kumar\desktop\city\computer graphics\coursework - nitin kumar - code\source\template2024\opengltemplate\x64\release\opengltemplate.tlog\cl.write.1.tlog
c:\users\nitin kumar\desktop\city\computer graphics\coursework - nitin kumar - code\source\template2024\opengltemplate\x64\release\opengltemplate.tlog\link.command.1.tlog
c:\users\nitin kumar\desktop\city\computer graphics\coursework - nitin kumar - code\source\template2024\opengltemplate\x64\release\opengltemplate.tlog\link.read.1.tlog
c:\users\nitin kumar\desktop\city\computer graphics\coursework - nitin kumar - code\source\template2024\opengltemplate\x64\release\opengltemplate.tlog\link.write.1.tlog
c:\users\nitin kumar\desktop\city\computer graphics\coursework - nitin kumar - code\source\template2024\opengltemplate\x64\release\opengltemplate.tlog\link.write.2u.tlog
