c:\users\nitin kumar\desktop\city\computer graphics\coursework - nitin kumar - code\source\template2024\opengltemplate\x64\debug\vc143.pdb
c:\users\nitin kumar\desktop\city\computer graphics\coursework - nitin kumar - code\source\template2024\opengltemplate\x64\debug\vc143.idb
c:\users\nitin kumar\desktop\city\computer graphics\coursework - nitin kumar - code\source\template2024\opengltemplate\x64\debug\texture.obj
c:\users\nitin kumar\desktop\city\computer graphics\coursework - nitin kumar - code\source\template2024\opengltemplate\x64\debug\sphere.obj
c:\users\nitin kumar\desktop\city\computer graphics\coursework - nitin kumar - code\source\template2024\opengltemplate\x64\debug\snow.obj
c:\users\nitin kumar\desktop\city\computer graphics\coursework - nitin kumar - code\source\template2024\opengltemplate\x64\debug\skybox.obj
c:\users\nitin kumar\desktop\city\computer graphics\coursework - nitin kumar - code\source\template2024\opengltemplate\x64\debug\shaders.obj
c:\users\nitin kumar\desktop\city\computer graphics\coursework - nitin kumar - code\source\template2024\opengltemplate\x64\debug\plane.obj
c:\users\nitin kumar\desktop\city\computer graphics\coursework - nitin kumar - code\source\template2024\opengltemplate\x64\debug\openassetimportmesh.obj
c:\users\nitin kumar\desktop\city\computer graphics\coursework - nitin kumar - code\source\template2024\opengltemplate\x64\debug\matrixstack.obj
c:\users\nitin kumar\desktop\city\computer graphics\coursework - nitin kumar - code\source\template2024\opengltemplate\x64\debug\highresolutiontimer.obj
c:\users\nitin kumar\desktop\city\computer graphics\coursework - nitin kumar - code\source\template2024\opengltemplate\x64\debug\heightmapterrain.obj
c:\users\nitin kumar\desktop\city\computer graphics\coursework - nitin kumar - code\source\template2024\opengltemplate\x64\debug\gamewindow.obj
c:\users\nitin kumar\desktop\city\computer graphics\coursework - nitin kumar - code\source\template2024\opengltemplate\x64\debug\game.obj
c:\users\nitin kumar\desktop\city\computer graphics\coursework - nitin kumar - code\source\template2024\opengltemplate\x64\debug\freetypefont.obj
c:\users\nitin kumar\desktop\city\computer graphics\coursework - nitin kumar - code\source\template2024\opengltemplate\x64\debug\framebufferobject.obj
c:\users\nitin kumar\desktop\city\computer graphics\coursework - nitin kumar - code\source\template2024\opengltemplate\x64\debug\facevertexmesh.obj
c:\users\nitin kumar\desktop\city\computer graphics\coursework - nitin kumar - code\source\template2024\opengltemplate\x64\debug\cubetree.obj
c:\users\nitin kumar\desktop\city\computer graphics\coursework - nitin kumar - code\source\template2024\opengltemplate\x64\debug\cubemap.obj
c:\users\nitin kumar\desktop\city\computer graphics\coursework - nitin kumar - code\source\template2024\opengltemplate\x64\debug\catmullrom.obj
c:\users\nitin kumar\desktop\city\computer graphics\coursework - nitin kumar - code\source\template2024\opengltemplate\x64\debug\camera.obj
c:\users\nitin kumar\desktop\city\computer graphics\coursework - nitin kumar - code\source\template2024\opengltemplate\x64\debug\audio.obj
c:\users\nitin kumar\desktop\city\computer graphics\coursework - nitin kumar - code\source\template2024\opengltemplate\x64\debug\vertexbufferobjectindexed.obj
c:\users\nitin kumar\desktop\city\computer graphics\coursework - nitin kumar - code\source\template2024\opengltemplate\x64\debug\vertexbufferobject.obj
c:\users\nitin kumar\desktop\city\computer graphics\coursework - nitin kumar - code\source\template2024\opengltemplate\x64\debug\tree.obj
c:\users\nitin kumar\desktop\city\computer graphics\coursework - nitin kumar - code\source\template2024\opengltemplate\x64\debug\opengltemplate.ilk
c:\users\nitin kumar\desktop\city\computer graphics\coursework - nitin kumar - code\source\template2024\x64\debug\opengltemplate.exe
c:\users\nitin kumar\desktop\city\computer graphics\coursework - nitin kumar - code\source\template2024\x64\debug\opengltemplate.pdb
c:\users\nitin kumar\desktop\city\computer graphics\coursework - nitin kumar - code\source\template2024\x64\debug\opengltemplate.lib
c:\users\nitin kumar\desktop\city\computer graphics\coursework - nitin kumar - code\source\template2024\x64\debug\opengltemplate.exp
c:\users\nitin kumar\desktop\city\computer graphics\coursework - nitin kumar - code\source\template2024\opengltemplate\x64\debug\opengltemplate.tlog\cl.command.1.tlog
c:\users\nitin kumar\desktop\city\computer graphics\coursework - nitin kumar - code\source\template2024\opengltemplate\x64\debug\opengltemplate.tlog\cl.items.tlog
c:\users\nitin kumar\desktop\city\computer graphics\coursework - nitin kumar - code\source\template2024\opengltemplate\x64\debug\opengltemplate.tlog\cl.read.1.tlog
c:\users\nitin kumar\desktop\city\computer graphics\coursework - nitin kumar - code\source\template2024\opengltemplate\x64\debug\opengltemplate.tlog\cl.write.1.tlog
c:\users\nitin kumar\desktop\city\computer graphics\coursework - nitin kumar - code\source\template2024\opengltemplate\x64\debug\opengltemplate.tlog\link.command.1.tlog
c:\users\nitin kumar\desktop\city\computer graphics\coursework - nitin kumar - code\source\template2024\opengltemplate\x64\debug\opengltemplate.tlog\link.read.1.tlog
c:\users\nitin kumar\desktop\city\computer graphics\coursework - nitin kumar - code\source\template2024\opengltemplate\x64\debug\opengltemplate.tlog\link.write.1.tlog
c:\users\nitin kumar\desktop\city\computer graphics\coursework - nitin kumar - code\source\template2024\opengltemplate\x64\debug\opengltemplate.tlog\link.write.2u.tlog
